2024-04-29 15:25:46 INFO  cw1:65 - open URL
  2024-04-29 15:25:47 INFO  cw1:71 - search-chocolate
  2024-04-29 15:25:51 INFO  cw1:77 - Dairy prod
  2024-04-29 15:25:56 WARN  cw1:79 - Wait for  5 sec
  2024-04-29 15:25:56 INFO  cw1:81 - Add cart
  2024-04-29 15:25:59 WARN  cw1:84 - Wait for  3 sec
  2024-04-29 15:25:59 INFO  cw1:87 - Testcase 1 terminated
  2024-04-29 15:26:02 INFO  cw1:107 - open URL
  2024-04-29 15:26:19 INFO  cw1:139 - open URL
  2024-04-29 15:26:19 INFO  cw1:143 - Profile
  2024-04-29 15:44:09 INFO  cw1:65 - open URL
  2024-04-29 15:44:11 INFO  cw1:71 - search-chocolate
  2024-04-29 15:44:15 INFO  cw1:77 - Dairy prod
  2024-04-29 15:44:20 WARN  cw1:79 - Wait for  5 sec
  2024-04-29 15:44:32 INFO  cw1:107 - open URL
  2024-04-29 15:44:32 INFO  cw1:112 - Groceries & Staples
  2024-04-29 15:44:40 INFO  cw1:114 - view all
  2024-04-29 15:44:40 INFO  cw1:116 - edible oil
  2024-04-29 15:44:45 WARN  cw1:118 - Wait for  5 sec
  2024-04-29 15:44:45 INFO  cw1:121 - Testcase 2 terminated
  2024-04-29 15:44:53 INFO  cw1:139 - open URL
  2024-04-29 15:44:53 INFO  cw1:143 - Profile
  2024-04-29 15:44:54 WARN  cw1:147 - Wait for  20 sec
  2024-04-29 15:44:54 INFO  cw1:149 - Log in
  2024-04-29 15:44:54 INFO  cw1:158 - email
  2024-04-29 15:44:54 INFO  cw1:163 - pass
  2024-04-29 15:44:58 INFO  cw1:171 - Testcase 3 terminated
  2024-04-29 15:45:48 INFO  cw1:65 - open URL
  2024-04-29 15:45:49 INFO  cw1:71 - search-chocolate
  2024-04-29 15:45:53 INFO  cw1:77 - Dairy prod
  2024-04-29 15:45:58 WARN  cw1:79 - Wait for  5 sec
  2024-04-29 15:45:58 INFO  cw1:81 - Add cart
  2024-04-29 15:46:01 WARN  cw1:84 - Wait for  3 sec
  2024-04-29 15:46:02 INFO  cw1:87 - Testcase 1 terminated
  2024-04-29 15:47:35 INFO  cw1:65 - open URL
  2024-04-29 15:47:40 INFO  cw1:71 - search-chocolate
  2024-04-29 15:47:40 INFO  cw1:77 - Dairy prod
  2024-04-29 15:47:45 WARN  cw1:79 - Wait for  5 sec
  2024-04-29 15:47:45 INFO  cw1:81 - Add cart
  2024-04-29 15:47:49 WARN  cw1:84 - Wait for  3 sec
  2024-04-29 15:47:49 INFO  cw1:87 - Testcase 1 terminated
  2024-04-29 15:47:57 INFO  cw1:107 - open URL
  2024-04-29 15:47:57 INFO  cw1:112 - Groceries & Staples
  2024-04-29 15:48:02 INFO  cw1:114 - view all
  2024-04-29 15:48:02 INFO  cw1:116 - edible oil
  2024-04-29 15:48:07 WARN  cw1:118 - Wait for  5 sec
  2024-04-29 15:48:07 INFO  cw1:121 - Testcase 2 terminated
  2024-04-29 15:48:14 INFO  cw1:139 - open URL
  2024-04-29 15:48:15 INFO  cw1:143 - Profile
  2024-04-29 15:48:15 WARN  cw1:147 - Wait for  20 sec
  2024-04-29 15:48:15 INFO  cw1:149 - Log in
  2024-04-29 15:48:16 INFO  cw1:158 - email
  2024-04-29 15:48:16 INFO  cw1:163 - pass
  2024-04-29 15:48:19 INFO  cw1:171 - Testcase 3 terminated
  