2024-05-02 13:54:46 INFO  hybrid:64 - opening url
  2024-05-02 13:54:49 WARN  hybrid:66 - Time wait
  2024-05-02 13:54:54 INFO  hybrid:69 - give now clicked
  2024-05-02 13:54:57 WARN  hybrid:71 - Time wait
  2024-05-02 13:54:58 INFO  hybrid:73 - $250 selected
  2024-05-02 13:55:01 WARN  hybrid:76 - Time wait
  2024-05-02 13:55:01 INFO  hybrid:80 - Medical education selected
  2024-05-02 13:55:01 INFO  hybrid:82 - checkbox selected
  2024-05-02 13:55:04 WARN  hybrid:84 - Time wait
  2024-05-02 13:55:04 INFO  hybrid:89 - Title selected
  2024-05-02 13:55:04 INFO  hybrid:92 - firstname entered
  2024-05-02 13:55:05 INFO  hybrid:94 - lastname entered
  2024-05-02 13:55:06 WARN  hybrid:97 - Time wait
  2024-05-02 13:55:06 INFO  hybrid:101 - India selected
  2024-05-02 13:55:07 WARN  hybrid:104 - Time wait
  2024-05-02 13:55:07 INFO  hybrid:108 - state selected
  2024-05-02 13:55:08 INFO  hybrid:115 - address filled
  2024-05-02 13:55:10 WARN  hybrid:117 - Time wait
  2024-05-02 13:55:30 INFO  hybrid:125 - Assertion done and program terminated
  2024-05-02 14:08:13 INFO  hybrid:64 - opening url
  2024-05-02 14:08:16 WARN  hybrid:66 - Time wait
  2024-05-02 14:08:22 INFO  hybrid:69 - give now clicked
  2024-05-02 14:08:25 WARN  hybrid:71 - Time wait
  2024-05-02 14:08:25 INFO  hybrid:73 - $250 selected
  2024-05-02 14:08:28 WARN  hybrid:76 - Time wait
  2024-05-02 14:08:28 INFO  hybrid:80 - Medical education selected
  2024-05-02 14:08:28 INFO  hybrid:82 - checkbox selected
  2024-05-02 14:08:31 WARN  hybrid:84 - Time wait
  2024-05-02 14:08:32 INFO  hybrid:89 - Title selected
  2024-05-02 14:08:32 INFO  hybrid:92 - firstname entered
  2024-05-02 14:08:32 INFO  hybrid:94 - lastname entered
  2024-05-02 14:08:33 WARN  hybrid:97 - Time wait
  2024-05-02 14:08:33 INFO  hybrid:101 - India selected
  2024-05-02 14:08:34 WARN  hybrid:104 - Time wait
  2024-05-02 14:08:34 INFO  hybrid:108 - state selected
  2024-05-02 14:08:35 INFO  hybrid:115 - address filled
  2024-05-02 14:08:37 WARN  hybrid:117 - Time wait
  2024-05-02 14:08:57 INFO  hybrid:125 - Assertion done and program terminated
  2024-05-02 14:10:43 INFO  hybrid:64 - opening url
  2024-05-02 14:10:46 WARN  hybrid:66 - Time wait
  2024-05-02 14:10:52 INFO  hybrid:69 - give now clicked
  2024-05-02 14:10:55 WARN  hybrid:71 - Time wait
  2024-05-02 14:10:55 INFO  hybrid:73 - $250 selected
  2024-05-02 14:10:58 WARN  hybrid:76 - Time wait
  2024-05-02 14:10:58 INFO  hybrid:80 - Medical education selected
  2024-05-02 14:10:59 INFO  hybrid:82 - checkbox selected
  2024-05-02 14:11:02 WARN  hybrid:84 - Time wait
  2024-05-02 14:11:02 INFO  hybrid:89 - Title selected
  2024-05-02 14:11:02 INFO  hybrid:92 - firstname entered
  2024-05-02 14:11:02 INFO  hybrid:94 - lastname entered
  2024-05-02 14:11:03 WARN  hybrid:97 - Time wait
  2024-05-02 14:11:03 INFO  hybrid:101 - India selected
  2024-05-02 14:11:04 WARN  hybrid:104 - Time wait
  2024-05-02 14:11:04 INFO  hybrid:108 - state selected
  2024-05-02 14:11:05 INFO  hybrid:115 - address filled
  2024-05-02 14:11:07 WARN  hybrid:117 - Time wait
  2024-05-02 14:12:51 INFO  hybrid:64 - opening url
  2024-05-02 14:12:54 WARN  hybrid:66 - Time wait
  2024-05-02 14:13:00 INFO  hybrid:69 - give now clicked
  2024-05-02 14:13:03 WARN  hybrid:71 - Time wait
  2024-05-02 14:13:03 INFO  hybrid:73 - $250 selected
  2024-05-02 14:13:06 WARN  hybrid:76 - Time wait
  2024-05-02 14:13:06 INFO  hybrid:80 - Medical education selected
  2024-05-02 14:13:06 INFO  hybrid:82 - checkbox selected
  2024-05-02 14:13:09 WARN  hybrid:84 - Time wait
  2024-05-02 14:13:10 INFO  hybrid:89 - Title selected
  2024-05-02 14:13:10 INFO  hybrid:92 - firstname entered
  2024-05-02 14:13:10 INFO  hybrid:94 - lastname entered
  2024-05-02 14:13:11 WARN  hybrid:97 - Time wait
  2024-05-02 14:13:11 INFO  hybrid:101 - India selected
  2024-05-02 14:13:12 WARN  hybrid:104 - Time wait
  2024-05-02 14:13:12 INFO  hybrid:108 - state selected
  2024-05-02 14:13:13 INFO  hybrid:115 - address filled
  2024-05-02 14:13:15 WARN  hybrid:117 - Time wait
  2024-05-02 14:13:35 INFO  hybrid:125 - Assertion done and program terminated
  